<component name="libraryTable">
  <library name="junit-4.11">
    <CLASSES>
      <root url="jar://$PROJECT_DIR$/Week1/recfun/null/Coursier/cache/v1/https/repo1.maven.org/maven2/junit/junit/4.11/junit-4.11.jar!/" />
    </CLASSES>
    <JAVADOC />
    <SOURCES />
  </library>
</component>